<?xml version="1.0" encoding="UTF-8"?>
<testsuite name="org.informatics.service.PharmacyServiceImplTest" tests="1" skipped="0" failures="0" errors="0" timestamp="2023-06-01T10:54:36" hostname="LAPTOP-4CEOBHUE" time="0.78">
  <properties/>
  <testcase name="testMedicinesSellingPriceTotalValue()" classname="org.informatics.service.PharmacyServiceImplTest" time="0.78"/>
  <system-out><![CDATA[]]></system-out>
  <system-err><![CDATA[]]></system-err>
</testsuite>
