<?xml version="1.0" encoding="UTF-8"?>
<testsuite name="e12_TestPreparation.service.TeamServiceImplTest" tests="1" skipped="0" failures="0" errors="0" timestamp="2023-06-01T11:58:29" hostname="LAPTOP-4CEOBHUE" time="1.019">
  <properties/>
  <testcase name="maxPlayerPayment()" classname="e12_TestPreparation.service.TeamServiceImplTest" time="1.019"/>
  <system-out><![CDATA[]]></system-out>
  <system-err><![CDATA[]]></system-err>
</testsuite>
